0 info it worked if it ends with ok
1 verbose cli [ '/home/akhan/.nvm/versions/node/v4.5.0/bin/node',
1 verbose cli   '/home/akhan/.nvm/versions/node/v4.5.0/bin/npm',
1 verbose cli   'start' ]
2 info using npm@3.10.8
3 info using node@v4.5.0
4 verbose run-script [ 'prestart', 'start', 'poststart' ]
5 info lifecycle simulator@1.0.0~prestart: simulator@1.0.0
6 silly lifecycle simulator@1.0.0~prestart: no script for prestart, continuing
7 info lifecycle simulator@1.0.0~start: simulator@1.0.0
8 verbose lifecycle simulator@1.0.0~start: unsafe-perm in lifecycle true
9 verbose lifecycle simulator@1.0.0~start: PATH: /home/akhan/.nvm/versions/node/v4.5.0/lib/node_modules/npm/bin/node-gyp-bin:/home/akhan/projects/simulator/node_modules/.bin:/home/akhan/Documents/Bluemix_CLI:/home/akhan/Documents/Bluemix_CLI/bin:/usr/local/heroku/bin:/home/akhan/.nvm/versions/node/v4.5.0/bin:/home/akhan/bin:/home/akhan/.local/bin:/usr/local/sbin:/usr/local/bin:/usr/sbin:/usr/bin:/sbin:/bin:/usr/games:/usr/local/games:/snap/bin:/home/akhan/scripts:/home/akhan/Documents/android-studio/bin:/home/akhan/Documents/WebStorm/bin:/home/akhan/Android/Sdk/tools:/home/akhan/Android/Sdk/platform-tools
10 verbose lifecycle simulator@1.0.0~start: CWD: /home/akhan/projects/simulator
11 silly lifecycle simulator@1.0.0~start: Args: [ '-c', 'node app.js' ]
12 silly lifecycle simulator@1.0.0~start: Returned: code: 1  signal: null
13 info lifecycle simulator@1.0.0~start: Failed to exec start script
14 verbose stack Error: simulator@1.0.0 start: `node app.js`
14 verbose stack Exit status 1
14 verbose stack     at EventEmitter.<anonymous> (/home/akhan/.nvm/versions/node/v4.5.0/lib/node_modules/npm/lib/utils/lifecycle.js:255:16)
14 verbose stack     at emitTwo (events.js:87:13)
14 verbose stack     at EventEmitter.emit (events.js:172:7)
14 verbose stack     at ChildProcess.<anonymous> (/home/akhan/.nvm/versions/node/v4.5.0/lib/node_modules/npm/lib/utils/spawn.js:40:14)
14 verbose stack     at emitTwo (events.js:87:13)
14 verbose stack     at ChildProcess.emit (events.js:172:7)
14 verbose stack     at maybeClose (internal/child_process.js:829:16)
14 verbose stack     at Process.ChildProcess._handle.onexit (internal/child_process.js:211:5)
15 verbose pkgid simulator@1.0.0
16 verbose cwd /home/akhan/projects/simulator
17 error Linux 4.4.0-45-generic
18 error argv "/home/akhan/.nvm/versions/node/v4.5.0/bin/node" "/home/akhan/.nvm/versions/node/v4.5.0/bin/npm" "start"
19 error node v4.5.0
20 error npm  v3.10.8
21 error code ELIFECYCLE
22 error simulator@1.0.0 start: `node app.js`
22 error Exit status 1
23 error Failed at the simulator@1.0.0 start script 'node app.js'.
23 error Make sure you have the latest version of node.js and npm installed.
23 error If you do, this is most likely a problem with the simulator package,
23 error not with npm itself.
23 error Tell the author that this fails on your system:
23 error     node app.js
23 error You can get information on how to open an issue for this project with:
23 error     npm bugs simulator
23 error Or if that isn't available, you can get their info via:
23 error     npm owner ls simulator
23 error There is likely additional logging output above.
24 verbose exit [ 1, true ]
